<?xml version="1.0" encoding="UTF-8"?>
<!-- Generated by org.testng.reporters.JUnitReportReporter -->
<testsuite hostname="Anushree" failures="0" tests="13" name="TestRunner.CucumberTestRunner" time="151.349" errors="0" timestamp="2025-08-09T14:25:21 IST" skipped="0">
  <testcase classname="TestRunner.CucumberTestRunner" name="runScenario" time="3.976"/>
  <testcase classname="TestRunner.CucumberTestRunner" name="runScenario" time="13.205"/>
  <testcase classname="TestRunner.CucumberTestRunner" name="runScenario" time="10.706"/>
  <testcase classname="TestRunner.CucumberTestRunner" name="runScenario" time="12.249"/>
  <testcase classname="TestRunner.CucumberTestRunner" name="runScenario" time="13.248"/>
  <testcase classname="TestRunner.CucumberTestRunner" name="runScenario" time="11.611"/>
  <testcase classname="TestRunner.CucumberTestRunner" name="runScenario" time="11.916"/>
  <testcase classname="TestRunner.CucumberTestRunner" name="runScenario" time="8.818"/>
  <testcase classname="TestRunner.CucumberTestRunner" name="runScenario" time="10.144"/>
  <testcase classname="TestRunner.CucumberTestRunner" name="runScenario" time="11.242"/>
  <testcase classname="TestRunner.CucumberTestRunner" name="runScenario" time="29.872"/>
  <testcase classname="TestRunner.CucumberTestRunner" name="runScenario" time="7.882"/>
  <testcase classname="TestRunner.CucumberTestRunner" name="runScenario" time="6.480"/>
</testsuite> <!-- TestRunner.CucumberTestRunner -->
